c:\users\samsung-pc\desktop\proj\manybody\phononretardation\1d\cgadensity\cpp\1dhh\x64\release\1dhol.ipdb
c:\users\samsung-pc\desktop\proj\manybody\phononretardation\1d\cgadensity\cpp\1dhh\x64\release\1dhol.iobj
c:\users\samsung-pc\desktop\proj\manybody\phononretardation\1d\cgadensity\cpp\1dhh\cubic1d\x64\release\1dhol.pch
c:\users\samsung-pc\desktop\proj\manybody\phononretardation\1d\cgadensity\cpp\1dhh\cubic1d\x64\release\vc141.pdb
c:\users\samsung-pc\desktop\proj\manybody\phononretardation\1d\cgadensity\cpp\1dhh\cubic1d\x64\release\stdafx.obj
c:\users\samsung-pc\desktop\proj\manybody\phononretardation\1d\cgadensity\cpp\1dhh\cubic1d\x64\release\main.obj
c:\users\samsung-pc\desktop\proj\manybody\phononretardation\1d\cgadensity\cpp\1dhhper\cubic1d\x64\release\1dhol.pch
c:\users\samsung-pc\desktop\proj\manybody\phononretardation\1d\cgadensity\cpp\1dhhper\cubic1d\x64\release\vc141.pdb
c:\users\samsung-pc\desktop\proj\manybody\phononretardation\1d\cgadensity\cpp\1dhhper\cubic1d\x64\release\stdafx.obj
c:\users\samsung-pc\desktop\proj\manybody\phononretardation\1d\cgadensity\cpp\1dhh\x64\release\1dhol.exe
c:\users\samsung-pc\desktop\proj\manybody\phononretardation\1d\cgadensity\cpp\1dhh\x64\release\1dhol.pdb
c:\users\samsung-pc\desktop\proj\manybody\phononretardation\1d\cgadensity\cpp\1dhhper\x64\release\1dhol.pdb
c:\users\samsung-pc\desktop\proj\manybody\phononretardation\1d\cgadensity\cpp\1dhhper\x64\release\1dhol.exe
c:\users\samsung-pc\desktop\proj\manybody\phononretardation\1d\cgadensity\cpp\1dhhper\cubic1d\x64\release\1dhol.tlog\1dhol.write.1u.tlog
c:\users\samsung-pc\desktop\proj\manybody\phononretardation\1d\cgadensity\cpp\1dhhper\cubic1d\x64\release\1dhol.tlog\cl.command.1.tlog
c:\users\samsung-pc\desktop\proj\manybody\phononretardation\1d\cgadensity\cpp\1dhhper\cubic1d\x64\release\1dhol.tlog\cl.read.1.tlog
c:\users\samsung-pc\desktop\proj\manybody\phononretardation\1d\cgadensity\cpp\1dhhper\cubic1d\x64\release\1dhol.tlog\cl.write.1.tlog
c:\users\samsung-pc\desktop\proj\manybody\phononretardation\1d\cgadensity\cpp\1dhhper\cubic1d\x64\release\1dhol.tlog\link.command.1.tlog
c:\users\samsung-pc\desktop\proj\manybody\phononretardation\1d\cgadensity\cpp\1dhhper\cubic1d\x64\release\1dhol.tlog\link.read.1.tlog
c:\users\samsung-pc\desktop\proj\manybody\phononretardation\1d\cgadensity\cpp\1dhhper\cubic1d\x64\release\1dhol.tlog\link.write.1.tlog
